[2024-07-22 16:40:16] local.ERROR: Command "servephp" is not defined. {"exception":"[object] (Symfony\\Component\\Console\\Exception\\CommandNotFoundException(code: 0): Command \"servephp\" is not defined. at C:\\Users\\hp\\Documents\\GitHub\\T2-70-DSW-I\\Proyecto-Linces\\vendor\\symfony\\console\\Application.php:702)
[stacktrace]
#0 C:\\Users\\hp\\Documents\\GitHub\\T2-70-DSW-I\\Proyecto-Linces\\vendor\\symfony\\console\\Application.php(258): Symfony\\Component\\Console\\Application->find('servephp')
#1 C:\\Users\\hp\\Documents\\GitHub\\T2-70-DSW-I\\Proyecto-Linces\\vendor\\symfony\\console\\Application.php(167): Symfony\\Component\\Console\\Application->doRun(Object(Symfony\\Component\\Console\\Input\\ArgvInput), Object(Symfony\\Component\\Console\\Output\\ConsoleOutput))
#2 C:\\Users\\hp\\Documents\\GitHub\\T2-70-DSW-I\\Proyecto-Linces\\vendor\\laravel\\framework\\src\\Illuminate\\Foundation\\Console\\Kernel.php(196): Symfony\\Component\\Console\\Application->run(Object(Symfony\\Component\\Console\\Input\\ArgvInput), Object(Symfony\\Component\\Console\\Output\\ConsoleOutput))
#3 C:\\Users\\hp\\Documents\\GitHub\\T2-70-DSW-I\\Proyecto-Linces\\vendor\\laravel\\framework\\src\\Illuminate\\Foundation\\Application.php(1203): Illuminate\\Foundation\\Console\\Kernel->handle(Object(Symfony\\Component\\Console\\Input\\ArgvInput), Object(Symfony\\Component\\Console\\Output\\ConsoleOutput))
#4 C:\\Users\\hp\\Documents\\GitHub\\T2-70-DSW-I\\Proyecto-Linces\\artisan(13): Illuminate\\Foundation\\Application->handleCommand(Object(Symfony\\Component\\Console\\Input\\ArgvInput))
#5 {main}
"} 
[2024-07-23 02:26:51] local.ERROR: No application encryption key has been specified. {"exception":"[object] (Illuminate\\Encryption\\MissingAppKeyException(code: 0): No application encryption key has been specified. at C:\\Users\\hp\\Documents\\GitHub\\T2-70-DSW-I\\Proyecto-Linces\\vendor\\laravel\\framework\\src\\Illuminate\\Encryption\\EncryptionServiceProvider.php:83)
[stacktrace]
#0 C:\\Users\\hp\\Documents\\GitHub\\T2-70-DSW-I\\Proyecto-Linces\\vendor\\laravel\\framework\\src\\Illuminate\\Support\\helpers.php(380): Illuminate\\Encryption\\EncryptionServiceProvider->Illuminate\\Encryption\\{closure}('')
#1 C:\\Users\\hp\\Documents\\GitHub\\T2-70-DSW-I\\Proyecto-Linces\\vendor\\laravel\\framework\\src\\Illuminate\\Encryption\\EncryptionServiceProvider.php(81): tap('', Object(Closure))
#2 C:\\Users\\hp\\Documents\\GitHub\\T2-70-DSW-I\\Proyecto-Linces\\vendor\\laravel\\framework\\src\\Illuminate\\Encryption\\EncryptionServiceProvider.php(64): Illuminate\\Encryption\\EncryptionServiceProvider->key(Array)
#3 C:\\Users\\hp\\Documents\\GitHub\\T2-70-DSW-I\\Proyecto-Linces\\vendor\\laravel\\framework\\src\\Illuminate\\Encryption\\EncryptionServiceProvider.php(32): Illuminate\\Encryption\\EncryptionServiceProvider->parseKey(Array)
#4 C:\\Users\\hp\\Documents\\GitHub\\T2-70-DSW-I\\Proyecto-Linces\\vendor\\laravel\\framework\\src\\Illuminate\\Container\\Container.php(931): Illuminate\\Encryption\\EncryptionServiceProvider->Illuminate\\Encryption\\{closure}(Object(Illuminate\\Foundation\\Application), Array)
#5 C:\\Users\\hp\\Documents\\GitHub\\T2-70-DSW-I\\Proyecto-Linces\\vendor\\laravel\\framework\\src\\Illuminate\\Container\\Container.php(815): Illuminate\\Container\\Container->build(Object(Closure))
#6 C:\\Users\\hp\\Documents\\GitHub\\T2-70-DSW-I\\Proyecto-Linces\\vendor\\laravel\\framework\\src\\Illuminate\\Foundation\\Application.php(1046): Illuminate\\Container\\Container->resolve('encrypter', Array, true)
#7 C:\\Users\\hp\\Documents\\GitHub\\T2-70-DSW-I\\Proyecto-Linces\\vendor\\laravel\\framework\\src\\Illuminate\\Container\\Container.php(751): Illuminate\\Foundation\\Application->resolve('encrypter', Array)
#8 C:\\Users\\hp\\Documents\\GitHub\\T2-70-DSW-I\\Proyecto-Linces\\vendor\\laravel\\framework\\src\\Illuminate\\Foundation\\Application.php(1028): Illuminate\\Container\\Container->make('encrypter', Array)
#9 C:\\Users\\hp\\Documents\\GitHub\\T2-70-DSW-I\\Proyecto-Linces\\vendor\\laravel\\framework\\src\\Illuminate\\Container\\Container.php(1119): Illuminate\\Foundation\\Application->make('encrypter')
#10 C:\\Users\\hp\\Documents\\GitHub\\T2-70-DSW-I\\Proyecto-Linces\\vendor\\laravel\\framework\\src\\Illuminate\\Container\\Container.php(1022): Illuminate\\Container\\Container->resolveClass(Object(ReflectionParameter))
#11 C:\\Users\\hp\\Documents\\GitHub\\T2-70-DSW-I\\Proyecto-Linces\\vendor\\laravel\\framework\\src\\Illuminate\\Container\\Container.php(973): Illuminate\\Container\\Container->resolveDependencies(Array)
#12 C:\\Users\\hp\\Documents\\GitHub\\T2-70-DSW-I\\Proyecto-Linces\\vendor\\laravel\\framework\\src\\Illuminate\\Container\\Container.php(815): Illuminate\\Container\\Container->build('Illuminate\\\\Cook...')
#13 C:\\Users\\hp\\Documents\\GitHub\\T2-70-DSW-I\\Proyecto-Linces\\vendor\\laravel\\framework\\src\\Illuminate\\Foundation\\Application.php(1046): Illuminate\\Container\\Container->resolve('Illuminate\\\\Cook...', Array, true)
#14 C:\\Users\\hp\\Documents\\GitHub\\T2-70-DSW-I\\Proyecto-Linces\\vendor\\laravel\\framework\\src\\Illuminate\\Container\\Container.php(751): Illuminate\\Foundation\\Application->resolve('Illuminate\\\\Cook...', Array)
#15 C:\\Users\\hp\\Documents\\GitHub\\T2-70-DSW-I\\Proyecto-Linces\\vendor\\laravel\\framework\\src\\Illuminate\\Foundation\\Application.php(1028): Illuminate\\Container\\Container->make('Illuminate\\\\Cook...', Array)
#16 C:\\Users\\hp\\Documents\\GitHub\\T2-70-DSW-I\\Proyecto-Linces\\vendor\\laravel\\framework\\src\\Illuminate\\Pipeline\\Pipeline.php(172): Illuminate\\Foundation\\Application->make('Illuminate\\\\Cook...')
#17 C:\\Users\\hp\\Documents\\GitHub\\T2-70-DSW-I\\Proyecto-Linces\\vendor\\laravel\\framework\\src\\Illuminate\\Pipeline\\Pipeline.php(119): Illuminate\\Pipeline\\Pipeline->Illuminate\\Pipeline\\{closure}(Object(Illuminate\\Http\\Request))
#18 C:\\Users\\hp\\Documents\\GitHub\\T2-70-DSW-I\\Proyecto-Linces\\vendor\\laravel\\framework\\src\\Illuminate\\Routing\\Router.php(807): Illuminate\\Pipeline\\Pipeline->then(Object(Closure))
#19 C:\\Users\\hp\\Documents\\GitHub\\T2-70-DSW-I\\Proyecto-Linces\\vendor\\laravel\\framework\\src\\Illuminate\\Routing\\Router.php(786): Illuminate\\Routing\\Router->runRouteWithinStack(Object(Illuminate\\Routing\\Route), Object(Illuminate\\Http\\Request))
#20 C:\\Users\\hp\\Documents\\GitHub\\T2-70-DSW-I\\Proyecto-Linces\\vendor\\laravel\\framework\\src\\Illuminate\\Routing\\Router.php(750): Illuminate\\Routing\\Router->runRoute(Object(Illuminate\\Http\\Request), Object(Illuminate\\Routing\\Route))
#21 C:\\Users\\hp\\Documents\\GitHub\\T2-70-DSW-I\\Proyecto-Linces\\vendor\\laravel\\framework\\src\\Illuminate\\Routing\\Router.php(739): Illuminate\\Routing\\Router->dispatchToRoute(Object(Illuminate\\Http\\Request))
#22 C:\\Users\\hp\\Documents\\GitHub\\T2-70-DSW-I\\Proyecto-Linces\\vendor\\laravel\\framework\\src\\Illuminate\\Foundation\\Http\\Kernel.php(200): Illuminate\\Routing\\Router->dispatch(Object(Illuminate\\Http\\Request))
#23 C:\\Users\\hp\\Documents\\GitHub\\T2-70-DSW-I\\Proyecto-Linces\\vendor\\laravel\\framework\\src\\Illuminate\\Pipeline\\Pipeline.php(144): Illuminate\\Foundation\\Http\\Kernel->Illuminate\\Foundation\\Http\\{closure}(Object(Illuminate\\Http\\Request))
#24 C:\\Users\\hp\\Documents\\GitHub\\T2-70-DSW-I\\Proyecto-Linces\\vendor\\laravel\\framework\\src\\Illuminate\\Foundation\\Http\\Middleware\\TransformsRequest.php(21): Illuminate\\Pipeline\\Pipeline->Illuminate\\Pipeline\\{closure}(Object(Illuminate\\Http\\Request))
#25 C:\\Users\\hp\\Documents\\GitHub\\T2-70-DSW-I\\Proyecto-Linces\\vendor\\laravel\\framework\\src\\Illuminate\\Foundation\\Http\\Middleware\\ConvertEmptyStringsToNull.php(31): Illuminate\\Foundation\\Http\\Middleware\\TransformsRequest->handle(Object(Illuminate\\Http\\Request), Object(Closure))
#26 C:\\Users\\hp\\Documents\\GitHub\\T2-70-DSW-I\\Proyecto-Linces\\vendor\\laravel\\framework\\src\\Illuminate\\Pipeline\\Pipeline.php(183): Illuminate\\Foundation\\Http\\Middleware\\ConvertEmptyStringsToNull->handle(Object(Illuminate\\Http\\Request), Object(Closure))
#27 C:\\Users\\hp\\Documents\\GitHub\\T2-70-DSW-I\\Proyecto-Linces\\vendor\\laravel\\framework\\src\\Illuminate\\Foundation\\Http\\Middleware\\TransformsRequest.php(21): Illuminate\\Pipeline\\Pipeline->Illuminate\\Pipeline\\{closure}(Object(Illuminate\\Http\\Request))
#28 C:\\Users\\hp\\Documents\\GitHub\\T2-70-DSW-I\\Proyecto-Linces\\vendor\\laravel\\framework\\src\\Illuminate\\Foundation\\Http\\Middleware\\TrimStrings.php(51): Illuminate\\Foundation\\Http\\Middleware\\TransformsRequest->handle(Object(Illuminate\\Http\\Request), Object(Closure))
#29 C:\\Users\\hp\\Documents\\GitHub\\T2-70-DSW-I\\Proyecto-Linces\\vendor\\laravel\\framework\\src\\Illuminate\\Pipeline\\Pipeline.php(183): Illuminate\\Foundation\\Http\\Middleware\\TrimStrings->handle(Object(Illuminate\\Http\\Request), Object(Closure))
#30 C:\\Users\\hp\\Documents\\GitHub\\T2-70-DSW-I\\Proyecto-Linces\\vendor\\laravel\\framework\\src\\Illuminate\\Http\\Middleware\\ValidatePostSize.php(27): Illuminate\\Pipeline\\Pipeline->Illuminate\\Pipeline\\{closure}(Object(Illuminate\\Http\\Request))
#31 C:\\Users\\hp\\Documents\\GitHub\\T2-70-DSW-I\\Proyecto-Linces\\vendor\\laravel\\framework\\src\\Illuminate\\Pipeline\\Pipeline.php(183): Illuminate\\Http\\Middleware\\ValidatePostSize->handle(Object(Illuminate\\Http\\Request), Object(Closure))
#32 C:\\Users\\hp\\Documents\\GitHub\\T2-70-DSW-I\\Proyecto-Linces\\vendor\\laravel\\framework\\src\\Illuminate\\Foundation\\Http\\Middleware\\PreventRequestsDuringMaintenance.php(110): Illuminate\\Pipeline\\Pipeline->Illuminate\\Pipeline\\{closure}(Object(Illuminate\\Http\\Request))
#33 C:\\Users\\hp\\Documents\\GitHub\\T2-70-DSW-I\\Proyecto-Linces\\vendor\\laravel\\framework\\src\\Illuminate\\Pipeline\\Pipeline.php(183): Illuminate\\Foundation\\Http\\Middleware\\PreventRequestsDuringMaintenance->handle(Object(Illuminate\\Http\\Request), Object(Closure))
#34 C:\\Users\\hp\\Documents\\GitHub\\T2-70-DSW-I\\Proyecto-Linces\\vendor\\laravel\\framework\\src\\Illuminate\\Http\\Middleware\\HandleCors.php(49): Illuminate\\Pipeline\\Pipeline->Illuminate\\Pipeline\\{closure}(Object(Illuminate\\Http\\Request))
#35 C:\\Users\\hp\\Documents\\GitHub\\T2-70-DSW-I\\Proyecto-Linces\\vendor\\laravel\\framework\\src\\Illuminate\\Pipeline\\Pipeline.php(183): Illuminate\\Http\\Middleware\\HandleCors->handle(Object(Illuminate\\Http\\Request), Object(Closure))
#36 C:\\Users\\hp\\Documents\\GitHub\\T2-70-DSW-I\\Proyecto-Linces\\vendor\\laravel\\framework\\src\\Illuminate\\Http\\Middleware\\TrustProxies.php(57): Illuminate\\Pipeline\\Pipeline->Illuminate\\Pipeline\\{closure}(Object(Illuminate\\Http\\Request))
#37 C:\\Users\\hp\\Documents\\GitHub\\T2-70-DSW-I\\Proyecto-Linces\\vendor\\laravel\\framework\\src\\Illuminate\\Pipeline\\Pipeline.php(183): Illuminate\\Http\\Middleware\\TrustProxies->handle(Object(Illuminate\\Http\\Request), Object(Closure))
#38 C:\\Users\\hp\\Documents\\GitHub\\T2-70-DSW-I\\Proyecto-Linces\\vendor\\laravel\\framework\\src\\Illuminate\\Pipeline\\Pipeline.php(119): Illuminate\\Pipeline\\Pipeline->Illuminate\\Pipeline\\{closure}(Object(Illuminate\\Http\\Request))
#39 C:\\Users\\hp\\Documents\\GitHub\\T2-70-DSW-I\\Proyecto-Linces\\vendor\\laravel\\framework\\src\\Illuminate\\Foundation\\Http\\Kernel.php(175): Illuminate\\Pipeline\\Pipeline->then(Object(Closure))
#40 C:\\Users\\hp\\Documents\\GitHub\\T2-70-DSW-I\\Proyecto-Linces\\vendor\\laravel\\framework\\src\\Illuminate\\Foundation\\Http\\Kernel.php(144): Illuminate\\Foundation\\Http\\Kernel->sendRequestThroughRouter(Object(Illuminate\\Http\\Request))
#41 C:\\Users\\hp\\Documents\\GitHub\\T2-70-DSW-I\\Proyecto-Linces\\vendor\\laravel\\framework\\src\\Illuminate\\Foundation\\Application.php(1188): Illuminate\\Foundation\\Http\\Kernel->handle(Object(Illuminate\\Http\\Request))
#42 C:\\Users\\hp\\Documents\\GitHub\\T2-70-DSW-I\\Proyecto-Linces\\public\\index.php(17): Illuminate\\Foundation\\Application->handleRequest(Object(Illuminate\\Http\\Request))
#43 C:\\Users\\hp\\Documents\\GitHub\\T2-70-DSW-I\\Proyecto-Linces\\vendor\\laravel\\framework\\src\\Illuminate\\Foundation\\resources\\server.php(23): require_once('C:\\\\Users\\\\hp\\\\Doc...')
#44 {main}
"} 
[2024-07-23 02:26:58] local.ERROR: No application encryption key has been specified. {"exception":"[object] (Illuminate\\Encryption\\MissingAppKeyException(code: 0): No application encryption key has been specified. at C:\\Users\\hp\\Documents\\GitHub\\T2-70-DSW-I\\Proyecto-Linces\\vendor\\laravel\\framework\\src\\Illuminate\\Encryption\\EncryptionServiceProvider.php:83)
[stacktrace]
#0 C:\\Users\\hp\\Documents\\GitHub\\T2-70-DSW-I\\Proyecto-Linces\\vendor\\laravel\\framework\\src\\Illuminate\\Support\\helpers.php(380): Illuminate\\Encryption\\EncryptionServiceProvider->Illuminate\\Encryption\\{closure}('')
#1 C:\\Users\\hp\\Documents\\GitHub\\T2-70-DSW-I\\Proyecto-Linces\\vendor\\laravel\\framework\\src\\Illuminate\\Encryption\\EncryptionServiceProvider.php(81): tap('', Object(Closure))
#2 C:\\Users\\hp\\Documents\\GitHub\\T2-70-DSW-I\\Proyecto-Linces\\vendor\\laravel\\framework\\src\\Illuminate\\Encryption\\EncryptionServiceProvider.php(64): Illuminate\\Encryption\\EncryptionServiceProvider->key(Array)
#3 C:\\Users\\hp\\Documents\\GitHub\\T2-70-DSW-I\\Proyecto-Linces\\vendor\\laravel\\framework\\src\\Illuminate\\Encryption\\EncryptionServiceProvider.php(32): Illuminate\\Encryption\\EncryptionServiceProvider->parseKey(Array)
#4 C:\\Users\\hp\\Documents\\GitHub\\T2-70-DSW-I\\Proyecto-Linces\\vendor\\laravel\\framework\\src\\Illuminate\\Container\\Container.php(931): Illuminate\\Encryption\\EncryptionServiceProvider->Illuminate\\Encryption\\{closure}(Object(Illuminate\\Foundation\\Application), Array)
#5 C:\\Users\\hp\\Documents\\GitHub\\T2-70-DSW-I\\Proyecto-Linces\\vendor\\laravel\\framework\\src\\Illuminate\\Container\\Container.php(815): Illuminate\\Container\\Container->build(Object(Closure))
#6 C:\\Users\\hp\\Documents\\GitHub\\T2-70-DSW-I\\Proyecto-Linces\\vendor\\laravel\\framework\\src\\Illuminate\\Foundation\\Application.php(1046): Illuminate\\Container\\Container->resolve('encrypter', Array, true)
#7 C:\\Users\\hp\\Documents\\GitHub\\T2-70-DSW-I\\Proyecto-Linces\\vendor\\laravel\\framework\\src\\Illuminate\\Container\\Container.php(751): Illuminate\\Foundation\\Application->resolve('encrypter', Array)
#8 C:\\Users\\hp\\Documents\\GitHub\\T2-70-DSW-I\\Proyecto-Linces\\vendor\\laravel\\framework\\src\\Illuminate\\Foundation\\Application.php(1028): Illuminate\\Container\\Container->make('encrypter', Array)
#9 C:\\Users\\hp\\Documents\\GitHub\\T2-70-DSW-I\\Proyecto-Linces\\vendor\\laravel\\framework\\src\\Illuminate\\Container\\Container.php(1119): Illuminate\\Foundation\\Application->make('encrypter')
#10 C:\\Users\\hp\\Documents\\GitHub\\T2-70-DSW-I\\Proyecto-Linces\\vendor\\laravel\\framework\\src\\Illuminate\\Container\\Container.php(1022): Illuminate\\Container\\Container->resolveClass(Object(ReflectionParameter))
#11 C:\\Users\\hp\\Documents\\GitHub\\T2-70-DSW-I\\Proyecto-Linces\\vendor\\laravel\\framework\\src\\Illuminate\\Container\\Container.php(973): Illuminate\\Container\\Container->resolveDependencies(Array)
#12 C:\\Users\\hp\\Documents\\GitHub\\T2-70-DSW-I\\Proyecto-Linces\\vendor\\laravel\\framework\\src\\Illuminate\\Container\\Container.php(815): Illuminate\\Container\\Container->build('Illuminate\\\\Cook...')
#13 C:\\Users\\hp\\Documents\\GitHub\\T2-70-DSW-I\\Proyecto-Linces\\vendor\\laravel\\framework\\src\\Illuminate\\Foundation\\Application.php(1046): Illuminate\\Container\\Container->resolve('Illuminate\\\\Cook...', Array, true)
#14 C:\\Users\\hp\\Documents\\GitHub\\T2-70-DSW-I\\Proyecto-Linces\\vendor\\laravel\\framework\\src\\Illuminate\\Container\\Container.php(751): Illuminate\\Foundation\\Application->resolve('Illuminate\\\\Cook...', Array)
#15 C:\\Users\\hp\\Documents\\GitHub\\T2-70-DSW-I\\Proyecto-Linces\\vendor\\laravel\\framework\\src\\Illuminate\\Foundation\\Application.php(1028): Illuminate\\Container\\Container->make('Illuminate\\\\Cook...', Array)
#16 C:\\Users\\hp\\Documents\\GitHub\\T2-70-DSW-I\\Proyecto-Linces\\vendor\\laravel\\framework\\src\\Illuminate\\Foundation\\Http\\Kernel.php(255): Illuminate\\Foundation\\Application->make('Illuminate\\\\Cook...')
#17 C:\\Users\\hp\\Documents\\GitHub\\T2-70-DSW-I\\Proyecto-Linces\\vendor\\laravel\\framework\\src\\Illuminate\\Foundation\\Http\\Kernel.php(213): Illuminate\\Foundation\\Http\\Kernel->terminateMiddleware(Object(Illuminate\\Http\\Request), Object(Illuminate\\Http\\Response))
#18 C:\\Users\\hp\\Documents\\GitHub\\T2-70-DSW-I\\Proyecto-Linces\\vendor\\laravel\\framework\\src\\Illuminate\\Foundation\\Application.php(1190): Illuminate\\Foundation\\Http\\Kernel->terminate(Object(Illuminate\\Http\\Request), Object(Illuminate\\Http\\Response))
#19 C:\\Users\\hp\\Documents\\GitHub\\T2-70-DSW-I\\Proyecto-Linces\\public\\index.php(17): Illuminate\\Foundation\\Application->handleRequest(Object(Illuminate\\Http\\Request))
#20 C:\\Users\\hp\\Documents\\GitHub\\T2-70-DSW-I\\Proyecto-Linces\\vendor\\laravel\\framework\\src\\Illuminate\\Foundation\\resources\\server.php(23): require_once('C:\\\\Users\\\\hp\\\\Doc...')
#21 {main}
"} 
[2024-07-23 02:32:14] local.ERROR: No application encryption key has been specified. {"exception":"[object] (Illuminate\\Encryption\\MissingAppKeyException(code: 0): No application encryption key has been specified. at C:\\Users\\hp\\Documents\\GitHub\\T2-70-DSW-I\\Proyecto-Linces\\vendor\\laravel\\framework\\src\\Illuminate\\Encryption\\EncryptionServiceProvider.php:83)
[stacktrace]
#0 C:\\Users\\hp\\Documents\\GitHub\\T2-70-DSW-I\\Proyecto-Linces\\vendor\\laravel\\framework\\src\\Illuminate\\Support\\helpers.php(380): Illuminate\\Encryption\\EncryptionServiceProvider->Illuminate\\Encryption\\{closure}('')
#1 C:\\Users\\hp\\Documents\\GitHub\\T2-70-DSW-I\\Proyecto-Linces\\vendor\\laravel\\framework\\src\\Illuminate\\Encryption\\EncryptionServiceProvider.php(81): tap('', Object(Closure))
#2 C:\\Users\\hp\\Documents\\GitHub\\T2-70-DSW-I\\Proyecto-Linces\\vendor\\laravel\\framework\\src\\Illuminate\\Encryption\\EncryptionServiceProvider.php(64): Illuminate\\Encryption\\EncryptionServiceProvider->key(Array)
#3 C:\\Users\\hp\\Documents\\GitHub\\T2-70-DSW-I\\Proyecto-Linces\\vendor\\laravel\\framework\\src\\Illuminate\\Encryption\\EncryptionServiceProvider.php(32): Illuminate\\Encryption\\EncryptionServiceProvider->parseKey(Array)
#4 C:\\Users\\hp\\Documents\\GitHub\\T2-70-DSW-I\\Proyecto-Linces\\vendor\\laravel\\framework\\src\\Illuminate\\Container\\Container.php(931): Illuminate\\Encryption\\EncryptionServiceProvider->Illuminate\\Encryption\\{closure}(Object(Illuminate\\Foundation\\Application), Array)
#5 C:\\Users\\hp\\Documents\\GitHub\\T2-70-DSW-I\\Proyecto-Linces\\vendor\\laravel\\framework\\src\\Illuminate\\Container\\Container.php(815): Illuminate\\Container\\Container->build(Object(Closure))
#6 C:\\Users\\hp\\Documents\\GitHub\\T2-70-DSW-I\\Proyecto-Linces\\vendor\\laravel\\framework\\src\\Illuminate\\Foundation\\Application.php(1046): Illuminate\\Container\\Container->resolve('encrypter', Array, true)
#7 C:\\Users\\hp\\Documents\\GitHub\\T2-70-DSW-I\\Proyecto-Linces\\vendor\\laravel\\framework\\src\\Illuminate\\Container\\Container.php(751): Illuminate\\Foundation\\Application->resolve('encrypter', Array)
#8 C:\\Users\\hp\\Documents\\GitHub\\T2-70-DSW-I\\Proyecto-Linces\\vendor\\laravel\\framework\\src\\Illuminate\\Foundation\\Application.php(1028): Illuminate\\Container\\Container->make('encrypter', Array)
#9 C:\\Users\\hp\\Documents\\GitHub\\T2-70-DSW-I\\Proyecto-Linces\\vendor\\laravel\\framework\\src\\Illuminate\\Container\\Container.php(1119): Illuminate\\Foundation\\Application->make('encrypter')
#10 C:\\Users\\hp\\Documents\\GitHub\\T2-70-DSW-I\\Proyecto-Linces\\vendor\\laravel\\framework\\src\\Illuminate\\Container\\Container.php(1022): Illuminate\\Container\\Container->resolveClass(Object(ReflectionParameter))
#11 C:\\Users\\hp\\Documents\\GitHub\\T2-70-DSW-I\\Proyecto-Linces\\vendor\\laravel\\framework\\src\\Illuminate\\Container\\Container.php(973): Illuminate\\Container\\Container->resolveDependencies(Array)
#12 C:\\Users\\hp\\Documents\\GitHub\\T2-70-DSW-I\\Proyecto-Linces\\vendor\\laravel\\framework\\src\\Illuminate\\Container\\Container.php(815): Illuminate\\Container\\Container->build('Illuminate\\\\Cook...')
#13 C:\\Users\\hp\\Documents\\GitHub\\T2-70-DSW-I\\Proyecto-Linces\\vendor\\laravel\\framework\\src\\Illuminate\\Foundation\\Application.php(1046): Illuminate\\Container\\Container->resolve('Illuminate\\\\Cook...', Array, true)
#14 C:\\Users\\hp\\Documents\\GitHub\\T2-70-DSW-I\\Proyecto-Linces\\vendor\\laravel\\framework\\src\\Illuminate\\Container\\Container.php(751): Illuminate\\Foundation\\Application->resolve('Illuminate\\\\Cook...', Array)
#15 C:\\Users\\hp\\Documents\\GitHub\\T2-70-DSW-I\\Proyecto-Linces\\vendor\\laravel\\framework\\src\\Illuminate\\Foundation\\Application.php(1028): Illuminate\\Container\\Container->make('Illuminate\\\\Cook...', Array)
#16 C:\\Users\\hp\\Documents\\GitHub\\T2-70-DSW-I\\Proyecto-Linces\\vendor\\laravel\\framework\\src\\Illuminate\\Pipeline\\Pipeline.php(172): Illuminate\\Foundation\\Application->make('Illuminate\\\\Cook...')
#17 C:\\Users\\hp\\Documents\\GitHub\\T2-70-DSW-I\\Proyecto-Linces\\vendor\\laravel\\framework\\src\\Illuminate\\Pipeline\\Pipeline.php(119): Illuminate\\Pipeline\\Pipeline->Illuminate\\Pipeline\\{closure}(Object(Illuminate\\Http\\Request))
#18 C:\\Users\\hp\\Documents\\GitHub\\T2-70-DSW-I\\Proyecto-Linces\\vendor\\laravel\\framework\\src\\Illuminate\\Routing\\Router.php(807): Illuminate\\Pipeline\\Pipeline->then(Object(Closure))
#19 C:\\Users\\hp\\Documents\\GitHub\\T2-70-DSW-I\\Proyecto-Linces\\vendor\\laravel\\framework\\src\\Illuminate\\Routing\\Router.php(786): Illuminate\\Routing\\Router->runRouteWithinStack(Object(Illuminate\\Routing\\Route), Object(Illuminate\\Http\\Request))
#20 C:\\Users\\hp\\Documents\\GitHub\\T2-70-DSW-I\\Proyecto-Linces\\vendor\\laravel\\framework\\src\\Illuminate\\Routing\\Router.php(750): Illuminate\\Routing\\Router->runRoute(Object(Illuminate\\Http\\Request), Object(Illuminate\\Routing\\Route))
#21 C:\\Users\\hp\\Documents\\GitHub\\T2-70-DSW-I\\Proyecto-Linces\\vendor\\laravel\\framework\\src\\Illuminate\\Routing\\Router.php(739): Illuminate\\Routing\\Router->dispatchToRoute(Object(Illuminate\\Http\\Request))
#22 C:\\Users\\hp\\Documents\\GitHub\\T2-70-DSW-I\\Proyecto-Linces\\vendor\\laravel\\framework\\src\\Illuminate\\Foundation\\Http\\Kernel.php(200): Illuminate\\Routing\\Router->dispatch(Object(Illuminate\\Http\\Request))
#23 C:\\Users\\hp\\Documents\\GitHub\\T2-70-DSW-I\\Proyecto-Linces\\vendor\\laravel\\framework\\src\\Illuminate\\Pipeline\\Pipeline.php(144): Illuminate\\Foundation\\Http\\Kernel->Illuminate\\Foundation\\Http\\{closure}(Object(Illuminate\\Http\\Request))
#24 C:\\Users\\hp\\Documents\\GitHub\\T2-70-DSW-I\\Proyecto-Linces\\vendor\\laravel\\framework\\src\\Illuminate\\Foundation\\Http\\Middleware\\TransformsRequest.php(21): Illuminate\\Pipeline\\Pipeline->Illuminate\\Pipeline\\{closure}(Object(Illuminate\\Http\\Request))
#25 C:\\Users\\hp\\Documents\\GitHub\\T2-70-DSW-I\\Proyecto-Linces\\vendor\\laravel\\framework\\src\\Illuminate\\Foundation\\Http\\Middleware\\ConvertEmptyStringsToNull.php(31): Illuminate\\Foundation\\Http\\Middleware\\TransformsRequest->handle(Object(Illuminate\\Http\\Request), Object(Closure))
#26 C:\\Users\\hp\\Documents\\GitHub\\T2-70-DSW-I\\Proyecto-Linces\\vendor\\laravel\\framework\\src\\Illuminate\\Pipeline\\Pipeline.php(183): Illuminate\\Foundation\\Http\\Middleware\\ConvertEmptyStringsToNull->handle(Object(Illuminate\\Http\\Request), Object(Closure))
#27 C:\\Users\\hp\\Documents\\GitHub\\T2-70-DSW-I\\Proyecto-Linces\\vendor\\laravel\\framework\\src\\Illuminate\\Foundation\\Http\\Middleware\\TransformsRequest.php(21): Illuminate\\Pipeline\\Pipeline->Illuminate\\Pipeline\\{closure}(Object(Illuminate\\Http\\Request))
#28 C:\\Users\\hp\\Documents\\GitHub\\T2-70-DSW-I\\Proyecto-Linces\\vendor\\laravel\\framework\\src\\Illuminate\\Foundation\\Http\\Middleware\\TrimStrings.php(51): Illuminate\\Foundation\\Http\\Middleware\\TransformsRequest->handle(Object(Illuminate\\Http\\Request), Object(Closure))
#29 C:\\Users\\hp\\Documents\\GitHub\\T2-70-DSW-I\\Proyecto-Linces\\vendor\\laravel\\framework\\src\\Illuminate\\Pipeline\\Pipeline.php(183): Illuminate\\Foundation\\Http\\Middleware\\TrimStrings->handle(Object(Illuminate\\Http\\Request), Object(Closure))
#30 C:\\Users\\hp\\Documents\\GitHub\\T2-70-DSW-I\\Proyecto-Linces\\vendor\\laravel\\framework\\src\\Illuminate\\Http\\Middleware\\ValidatePostSize.php(27): Illuminate\\Pipeline\\Pipeline->Illuminate\\Pipeline\\{closure}(Object(Illuminate\\Http\\Request))
#31 C:\\Users\\hp\\Documents\\GitHub\\T2-70-DSW-I\\Proyecto-Linces\\vendor\\laravel\\framework\\src\\Illuminate\\Pipeline\\Pipeline.php(183): Illuminate\\Http\\Middleware\\ValidatePostSize->handle(Object(Illuminate\\Http\\Request), Object(Closure))
#32 C:\\Users\\hp\\Documents\\GitHub\\T2-70-DSW-I\\Proyecto-Linces\\vendor\\laravel\\framework\\src\\Illuminate\\Foundation\\Http\\Middleware\\PreventRequestsDuringMaintenance.php(110): Illuminate\\Pipeline\\Pipeline->Illuminate\\Pipeline\\{closure}(Object(Illuminate\\Http\\Request))
#33 C:\\Users\\hp\\Documents\\GitHub\\T2-70-DSW-I\\Proyecto-Linces\\vendor\\laravel\\framework\\src\\Illuminate\\Pipeline\\Pipeline.php(183): Illuminate\\Foundation\\Http\\Middleware\\PreventRequestsDuringMaintenance->handle(Object(Illuminate\\Http\\Request), Object(Closure))
#34 C:\\Users\\hp\\Documents\\GitHub\\T2-70-DSW-I\\Proyecto-Linces\\vendor\\laravel\\framework\\src\\Illuminate\\Http\\Middleware\\HandleCors.php(49): Illuminate\\Pipeline\\Pipeline->Illuminate\\Pipeline\\{closure}(Object(Illuminate\\Http\\Request))
#35 C:\\Users\\hp\\Documents\\GitHub\\T2-70-DSW-I\\Proyecto-Linces\\vendor\\laravel\\framework\\src\\Illuminate\\Pipeline\\Pipeline.php(183): Illuminate\\Http\\Middleware\\HandleCors->handle(Object(Illuminate\\Http\\Request), Object(Closure))
#36 C:\\Users\\hp\\Documents\\GitHub\\T2-70-DSW-I\\Proyecto-Linces\\vendor\\laravel\\framework\\src\\Illuminate\\Http\\Middleware\\TrustProxies.php(57): Illuminate\\Pipeline\\Pipeline->Illuminate\\Pipeline\\{closure}(Object(Illuminate\\Http\\Request))
#37 C:\\Users\\hp\\Documents\\GitHub\\T2-70-DSW-I\\Proyecto-Linces\\vendor\\laravel\\framework\\src\\Illuminate\\Pipeline\\Pipeline.php(183): Illuminate\\Http\\Middleware\\TrustProxies->handle(Object(Illuminate\\Http\\Request), Object(Closure))
#38 C:\\Users\\hp\\Documents\\GitHub\\T2-70-DSW-I\\Proyecto-Linces\\vendor\\laravel\\framework\\src\\Illuminate\\Pipeline\\Pipeline.php(119): Illuminate\\Pipeline\\Pipeline->Illuminate\\Pipeline\\{closure}(Object(Illuminate\\Http\\Request))
#39 C:\\Users\\hp\\Documents\\GitHub\\T2-70-DSW-I\\Proyecto-Linces\\vendor\\laravel\\framework\\src\\Illuminate\\Foundation\\Http\\Kernel.php(175): Illuminate\\Pipeline\\Pipeline->then(Object(Closure))
#40 C:\\Users\\hp\\Documents\\GitHub\\T2-70-DSW-I\\Proyecto-Linces\\vendor\\laravel\\framework\\src\\Illuminate\\Foundation\\Http\\Kernel.php(144): Illuminate\\Foundation\\Http\\Kernel->sendRequestThroughRouter(Object(Illuminate\\Http\\Request))
#41 C:\\Users\\hp\\Documents\\GitHub\\T2-70-DSW-I\\Proyecto-Linces\\vendor\\laravel\\framework\\src\\Illuminate\\Foundation\\Application.php(1188): Illuminate\\Foundation\\Http\\Kernel->handle(Object(Illuminate\\Http\\Request))
#42 C:\\Users\\hp\\Documents\\GitHub\\T2-70-DSW-I\\Proyecto-Linces\\public\\index.php(17): Illuminate\\Foundation\\Application->handleRequest(Object(Illuminate\\Http\\Request))
#43 C:\\Users\\hp\\Documents\\GitHub\\T2-70-DSW-I\\Proyecto-Linces\\vendor\\laravel\\framework\\src\\Illuminate\\Foundation\\resources\\server.php(23): require_once('C:\\\\Users\\\\hp\\\\Doc...')
#44 {main}
"} 
[2024-07-23 02:32:16] local.ERROR: No application encryption key has been specified. {"exception":"[object] (Illuminate\\Encryption\\MissingAppKeyException(code: 0): No application encryption key has been specified. at C:\\Users\\hp\\Documents\\GitHub\\T2-70-DSW-I\\Proyecto-Linces\\vendor\\laravel\\framework\\src\\Illuminate\\Encryption\\EncryptionServiceProvider.php:83)
[stacktrace]
#0 C:\\Users\\hp\\Documents\\GitHub\\T2-70-DSW-I\\Proyecto-Linces\\vendor\\laravel\\framework\\src\\Illuminate\\Support\\helpers.php(380): Illuminate\\Encryption\\EncryptionServiceProvider->Illuminate\\Encryption\\{closure}('')
#1 C:\\Users\\hp\\Documents\\GitHub\\T2-70-DSW-I\\Proyecto-Linces\\vendor\\laravel\\framework\\src\\Illuminate\\Encryption\\EncryptionServiceProvider.php(81): tap('', Object(Closure))
#2 C:\\Users\\hp\\Documents\\GitHub\\T2-70-DSW-I\\Proyecto-Linces\\vendor\\laravel\\framework\\src\\Illuminate\\Encryption\\EncryptionServiceProvider.php(64): Illuminate\\Encryption\\EncryptionServiceProvider->key(Array)
#3 C:\\Users\\hp\\Documents\\GitHub\\T2-70-DSW-I\\Proyecto-Linces\\vendor\\laravel\\framework\\src\\Illuminate\\Encryption\\EncryptionServiceProvider.php(32): Illuminate\\Encryption\\EncryptionServiceProvider->parseKey(Array)
#4 C:\\Users\\hp\\Documents\\GitHub\\T2-70-DSW-I\\Proyecto-Linces\\vendor\\laravel\\framework\\src\\Illuminate\\Container\\Container.php(931): Illuminate\\Encryption\\EncryptionServiceProvider->Illuminate\\Encryption\\{closure}(Object(Illuminate\\Foundation\\Application), Array)
#5 C:\\Users\\hp\\Documents\\GitHub\\T2-70-DSW-I\\Proyecto-Linces\\vendor\\laravel\\framework\\src\\Illuminate\\Container\\Container.php(815): Illuminate\\Container\\Container->build(Object(Closure))
#6 C:\\Users\\hp\\Documents\\GitHub\\T2-70-DSW-I\\Proyecto-Linces\\vendor\\laravel\\framework\\src\\Illuminate\\Foundation\\Application.php(1046): Illuminate\\Container\\Container->resolve('encrypter', Array, true)
#7 C:\\Users\\hp\\Documents\\GitHub\\T2-70-DSW-I\\Proyecto-Linces\\vendor\\laravel\\framework\\src\\Illuminate\\Container\\Container.php(751): Illuminate\\Foundation\\Application->resolve('encrypter', Array)
#8 C:\\Users\\hp\\Documents\\GitHub\\T2-70-DSW-I\\Proyecto-Linces\\vendor\\laravel\\framework\\src\\Illuminate\\Foundation\\Application.php(1028): Illuminate\\Container\\Container->make('encrypter', Array)
#9 C:\\Users\\hp\\Documents\\GitHub\\T2-70-DSW-I\\Proyecto-Linces\\vendor\\laravel\\framework\\src\\Illuminate\\Container\\Container.php(1119): Illuminate\\Foundation\\Application->make('encrypter')
#10 C:\\Users\\hp\\Documents\\GitHub\\T2-70-DSW-I\\Proyecto-Linces\\vendor\\laravel\\framework\\src\\Illuminate\\Container\\Container.php(1022): Illuminate\\Container\\Container->resolveClass(Object(ReflectionParameter))
#11 C:\\Users\\hp\\Documents\\GitHub\\T2-70-DSW-I\\Proyecto-Linces\\vendor\\laravel\\framework\\src\\Illuminate\\Container\\Container.php(973): Illuminate\\Container\\Container->resolveDependencies(Array)
#12 C:\\Users\\hp\\Documents\\GitHub\\T2-70-DSW-I\\Proyecto-Linces\\vendor\\laravel\\framework\\src\\Illuminate\\Container\\Container.php(815): Illuminate\\Container\\Container->build('Illuminate\\\\Cook...')
#13 C:\\Users\\hp\\Documents\\GitHub\\T2-70-DSW-I\\Proyecto-Linces\\vendor\\laravel\\framework\\src\\Illuminate\\Foundation\\Application.php(1046): Illuminate\\Container\\Container->resolve('Illuminate\\\\Cook...', Array, true)
#14 C:\\Users\\hp\\Documents\\GitHub\\T2-70-DSW-I\\Proyecto-Linces\\vendor\\laravel\\framework\\src\\Illuminate\\Container\\Container.php(751): Illuminate\\Foundation\\Application->resolve('Illuminate\\\\Cook...', Array)
#15 C:\\Users\\hp\\Documents\\GitHub\\T2-70-DSW-I\\Proyecto-Linces\\vendor\\laravel\\framework\\src\\Illuminate\\Foundation\\Application.php(1028): Illuminate\\Container\\Container->make('Illuminate\\\\Cook...', Array)
#16 C:\\Users\\hp\\Documents\\GitHub\\T2-70-DSW-I\\Proyecto-Linces\\vendor\\laravel\\framework\\src\\Illuminate\\Foundation\\Http\\Kernel.php(255): Illuminate\\Foundation\\Application->make('Illuminate\\\\Cook...')
#17 C:\\Users\\hp\\Documents\\GitHub\\T2-70-DSW-I\\Proyecto-Linces\\vendor\\laravel\\framework\\src\\Illuminate\\Foundation\\Http\\Kernel.php(213): Illuminate\\Foundation\\Http\\Kernel->terminateMiddleware(Object(Illuminate\\Http\\Request), Object(Illuminate\\Http\\Response))
#18 C:\\Users\\hp\\Documents\\GitHub\\T2-70-DSW-I\\Proyecto-Linces\\vendor\\laravel\\framework\\src\\Illuminate\\Foundation\\Application.php(1190): Illuminate\\Foundation\\Http\\Kernel->terminate(Object(Illuminate\\Http\\Request), Object(Illuminate\\Http\\Response))
#19 C:\\Users\\hp\\Documents\\GitHub\\T2-70-DSW-I\\Proyecto-Linces\\public\\index.php(17): Illuminate\\Foundation\\Application->handleRequest(Object(Illuminate\\Http\\Request))
#20 C:\\Users\\hp\\Documents\\GitHub\\T2-70-DSW-I\\Proyecto-Linces\\vendor\\laravel\\framework\\src\\Illuminate\\Foundation\\resources\\server.php(23): require_once('C:\\\\Users\\\\hp\\\\Doc...')
#21 {main}
"} 
[2024-07-23 02:52:32] local.ERROR: No application encryption key has been specified. {"exception":"[object] (Illuminate\\Encryption\\MissingAppKeyException(code: 0): No application encryption key has been specified. at C:\\Users\\hp\\Documents\\GitHub\\T2-70-DSW-I\\Proyecto-Linces\\vendor\\laravel\\framework\\src\\Illuminate\\Encryption\\EncryptionServiceProvider.php:83)
[stacktrace]
#0 C:\\Users\\hp\\Documents\\GitHub\\T2-70-DSW-I\\Proyecto-Linces\\vendor\\laravel\\framework\\src\\Illuminate\\Support\\helpers.php(380): Illuminate\\Encryption\\EncryptionServiceProvider->Illuminate\\Encryption\\{closure}('')
#1 C:\\Users\\hp\\Documents\\GitHub\\T2-70-DSW-I\\Proyecto-Linces\\vendor\\laravel\\framework\\src\\Illuminate\\Encryption\\EncryptionServiceProvider.php(81): tap('', Object(Closure))
#2 C:\\Users\\hp\\Documents\\GitHub\\T2-70-DSW-I\\Proyecto-Linces\\vendor\\laravel\\framework\\src\\Illuminate\\Encryption\\EncryptionServiceProvider.php(64): Illuminate\\Encryption\\EncryptionServiceProvider->key(Array)
#3 C:\\Users\\hp\\Documents\\GitHub\\T2-70-DSW-I\\Proyecto-Linces\\vendor\\laravel\\framework\\src\\Illuminate\\Encryption\\EncryptionServiceProvider.php(32): Illuminate\\Encryption\\EncryptionServiceProvider->parseKey(Array)
#4 C:\\Users\\hp\\Documents\\GitHub\\T2-70-DSW-I\\Proyecto-Linces\\vendor\\laravel\\framework\\src\\Illuminate\\Container\\Container.php(931): Illuminate\\Encryption\\EncryptionServiceProvider->Illuminate\\Encryption\\{closure}(Object(Illuminate\\Foundation\\Application), Array)
#5 C:\\Users\\hp\\Documents\\GitHub\\T2-70-DSW-I\\Proyecto-Linces\\vendor\\laravel\\framework\\src\\Illuminate\\Container\\Container.php(815): Illuminate\\Container\\Container->build(Object(Closure))
#6 C:\\Users\\hp\\Documents\\GitHub\\T2-70-DSW-I\\Proyecto-Linces\\vendor\\laravel\\framework\\src\\Illuminate\\Foundation\\Application.php(1046): Illuminate\\Container\\Container->resolve('encrypter', Array, true)
#7 C:\\Users\\hp\\Documents\\GitHub\\T2-70-DSW-I\\Proyecto-Linces\\vendor\\laravel\\framework\\src\\Illuminate\\Container\\Container.php(751): Illuminate\\Foundation\\Application->resolve('encrypter', Array)
#8 C:\\Users\\hp\\Documents\\GitHub\\T2-70-DSW-I\\Proyecto-Linces\\vendor\\laravel\\framework\\src\\Illuminate\\Foundation\\Application.php(1028): Illuminate\\Container\\Container->make('encrypter', Array)
#9 C:\\Users\\hp\\Documents\\GitHub\\T2-70-DSW-I\\Proyecto-Linces\\vendor\\laravel\\framework\\src\\Illuminate\\Container\\Container.php(1119): Illuminate\\Foundation\\Application->make('encrypter')
#10 C:\\Users\\hp\\Documents\\GitHub\\T2-70-DSW-I\\Proyecto-Linces\\vendor\\laravel\\framework\\src\\Illuminate\\Container\\Container.php(1022): Illuminate\\Container\\Container->resolveClass(Object(ReflectionParameter))
#11 C:\\Users\\hp\\Documents\\GitHub\\T2-70-DSW-I\\Proyecto-Linces\\vendor\\laravel\\framework\\src\\Illuminate\\Container\\Container.php(973): Illuminate\\Container\\Container->resolveDependencies(Array)
#12 C:\\Users\\hp\\Documents\\GitHub\\T2-70-DSW-I\\Proyecto-Linces\\vendor\\laravel\\framework\\src\\Illuminate\\Container\\Container.php(815): Illuminate\\Container\\Container->build('Illuminate\\\\Cook...')
#13 C:\\Users\\hp\\Documents\\GitHub\\T2-70-DSW-I\\Proyecto-Linces\\vendor\\laravel\\framework\\src\\Illuminate\\Foundation\\Application.php(1046): Illuminate\\Container\\Container->resolve('Illuminate\\\\Cook...', Array, true)
#14 C:\\Users\\hp\\Documents\\GitHub\\T2-70-DSW-I\\Proyecto-Linces\\vendor\\laravel\\framework\\src\\Illuminate\\Container\\Container.php(751): Illuminate\\Foundation\\Application->resolve('Illuminate\\\\Cook...', Array)
#15 C:\\Users\\hp\\Documents\\GitHub\\T2-70-DSW-I\\Proyecto-Linces\\vendor\\laravel\\framework\\src\\Illuminate\\Foundation\\Application.php(1028): Illuminate\\Container\\Container->make('Illuminate\\\\Cook...', Array)
#16 C:\\Users\\hp\\Documents\\GitHub\\T2-70-DSW-I\\Proyecto-Linces\\vendor\\laravel\\framework\\src\\Illuminate\\Pipeline\\Pipeline.php(172): Illuminate\\Foundation\\Application->make('Illuminate\\\\Cook...')
#17 C:\\Users\\hp\\Documents\\GitHub\\T2-70-DSW-I\\Proyecto-Linces\\vendor\\laravel\\framework\\src\\Illuminate\\Pipeline\\Pipeline.php(119): Illuminate\\Pipeline\\Pipeline->Illuminate\\Pipeline\\{closure}(Object(Illuminate\\Http\\Request))
#18 C:\\Users\\hp\\Documents\\GitHub\\T2-70-DSW-I\\Proyecto-Linces\\vendor\\laravel\\framework\\src\\Illuminate\\Routing\\Router.php(807): Illuminate\\Pipeline\\Pipeline->then(Object(Closure))
#19 C:\\Users\\hp\\Documents\\GitHub\\T2-70-DSW-I\\Proyecto-Linces\\vendor\\laravel\\framework\\src\\Illuminate\\Routing\\Router.php(786): Illuminate\\Routing\\Router->runRouteWithinStack(Object(Illuminate\\Routing\\Route), Object(Illuminate\\Http\\Request))
#20 C:\\Users\\hp\\Documents\\GitHub\\T2-70-DSW-I\\Proyecto-Linces\\vendor\\laravel\\framework\\src\\Illuminate\\Routing\\Router.php(750): Illuminate\\Routing\\Router->runRoute(Object(Illuminate\\Http\\Request), Object(Illuminate\\Routing\\Route))
#21 C:\\Users\\hp\\Documents\\GitHub\\T2-70-DSW-I\\Proyecto-Linces\\vendor\\laravel\\framework\\src\\Illuminate\\Routing\\Router.php(739): Illuminate\\Routing\\Router->dispatchToRoute(Object(Illuminate\\Http\\Request))
#22 C:\\Users\\hp\\Documents\\GitHub\\T2-70-DSW-I\\Proyecto-Linces\\vendor\\laravel\\framework\\src\\Illuminate\\Foundation\\Http\\Kernel.php(200): Illuminate\\Routing\\Router->dispatch(Object(Illuminate\\Http\\Request))
#23 C:\\Users\\hp\\Documents\\GitHub\\T2-70-DSW-I\\Proyecto-Linces\\vendor\\laravel\\framework\\src\\Illuminate\\Pipeline\\Pipeline.php(144): Illuminate\\Foundation\\Http\\Kernel->Illuminate\\Foundation\\Http\\{closure}(Object(Illuminate\\Http\\Request))
#24 C:\\Users\\hp\\Documents\\GitHub\\T2-70-DSW-I\\Proyecto-Linces\\vendor\\laravel\\framework\\src\\Illuminate\\Foundation\\Http\\Middleware\\TransformsRequest.php(21): Illuminate\\Pipeline\\Pipeline->Illuminate\\Pipeline\\{closure}(Object(Illuminate\\Http\\Request))
#25 C:\\Users\\hp\\Documents\\GitHub\\T2-70-DSW-I\\Proyecto-Linces\\vendor\\laravel\\framework\\src\\Illuminate\\Foundation\\Http\\Middleware\\ConvertEmptyStringsToNull.php(31): Illuminate\\Foundation\\Http\\Middleware\\TransformsRequest->handle(Object(Illuminate\\Http\\Request), Object(Closure))
#26 C:\\Users\\hp\\Documents\\GitHub\\T2-70-DSW-I\\Proyecto-Linces\\vendor\\laravel\\framework\\src\\Illuminate\\Pipeline\\Pipeline.php(183): Illuminate\\Foundation\\Http\\Middleware\\ConvertEmptyStringsToNull->handle(Object(Illuminate\\Http\\Request), Object(Closure))
#27 C:\\Users\\hp\\Documents\\GitHub\\T2-70-DSW-I\\Proyecto-Linces\\vendor\\laravel\\framework\\src\\Illuminate\\Foundation\\Http\\Middleware\\TransformsRequest.php(21): Illuminate\\Pipeline\\Pipeline->Illuminate\\Pipeline\\{closure}(Object(Illuminate\\Http\\Request))
#28 C:\\Users\\hp\\Documents\\GitHub\\T2-70-DSW-I\\Proyecto-Linces\\vendor\\laravel\\framework\\src\\Illuminate\\Foundation\\Http\\Middleware\\TrimStrings.php(51): Illuminate\\Foundation\\Http\\Middleware\\TransformsRequest->handle(Object(Illuminate\\Http\\Request), Object(Closure))
#29 C:\\Users\\hp\\Documents\\GitHub\\T2-70-DSW-I\\Proyecto-Linces\\vendor\\laravel\\framework\\src\\Illuminate\\Pipeline\\Pipeline.php(183): Illuminate\\Foundation\\Http\\Middleware\\TrimStrings->handle(Object(Illuminate\\Http\\Request), Object(Closure))
#30 C:\\Users\\hp\\Documents\\GitHub\\T2-70-DSW-I\\Proyecto-Linces\\vendor\\laravel\\framework\\src\\Illuminate\\Http\\Middleware\\ValidatePostSize.php(27): Illuminate\\Pipeline\\Pipeline->Illuminate\\Pipeline\\{closure}(Object(Illuminate\\Http\\Request))
#31 C:\\Users\\hp\\Documents\\GitHub\\T2-70-DSW-I\\Proyecto-Linces\\vendor\\laravel\\framework\\src\\Illuminate\\Pipeline\\Pipeline.php(183): Illuminate\\Http\\Middleware\\ValidatePostSize->handle(Object(Illuminate\\Http\\Request), Object(Closure))
#32 C:\\Users\\hp\\Documents\\GitHub\\T2-70-DSW-I\\Proyecto-Linces\\vendor\\laravel\\framework\\src\\Illuminate\\Foundation\\Http\\Middleware\\PreventRequestsDuringMaintenance.php(110): Illuminate\\Pipeline\\Pipeline->Illuminate\\Pipeline\\{closure}(Object(Illuminate\\Http\\Request))
#33 C:\\Users\\hp\\Documents\\GitHub\\T2-70-DSW-I\\Proyecto-Linces\\vendor\\laravel\\framework\\src\\Illuminate\\Pipeline\\Pipeline.php(183): Illuminate\\Foundation\\Http\\Middleware\\PreventRequestsDuringMaintenance->handle(Object(Illuminate\\Http\\Request), Object(Closure))
#34 C:\\Users\\hp\\Documents\\GitHub\\T2-70-DSW-I\\Proyecto-Linces\\vendor\\laravel\\framework\\src\\Illuminate\\Http\\Middleware\\HandleCors.php(49): Illuminate\\Pipeline\\Pipeline->Illuminate\\Pipeline\\{closure}(Object(Illuminate\\Http\\Request))
#35 C:\\Users\\hp\\Documents\\GitHub\\T2-70-DSW-I\\Proyecto-Linces\\vendor\\laravel\\framework\\src\\Illuminate\\Pipeline\\Pipeline.php(183): Illuminate\\Http\\Middleware\\HandleCors->handle(Object(Illuminate\\Http\\Request), Object(Closure))
#36 C:\\Users\\hp\\Documents\\GitHub\\T2-70-DSW-I\\Proyecto-Linces\\vendor\\laravel\\framework\\src\\Illuminate\\Http\\Middleware\\TrustProxies.php(57): Illuminate\\Pipeline\\Pipeline->Illuminate\\Pipeline\\{closure}(Object(Illuminate\\Http\\Request))
#37 C:\\Users\\hp\\Documents\\GitHub\\T2-70-DSW-I\\Proyecto-Linces\\vendor\\laravel\\framework\\src\\Illuminate\\Pipeline\\Pipeline.php(183): Illuminate\\Http\\Middleware\\TrustProxies->handle(Object(Illuminate\\Http\\Request), Object(Closure))
#38 C:\\Users\\hp\\Documents\\GitHub\\T2-70-DSW-I\\Proyecto-Linces\\vendor\\laravel\\framework\\src\\Illuminate\\Pipeline\\Pipeline.php(119): Illuminate\\Pipeline\\Pipeline->Illuminate\\Pipeline\\{closure}(Object(Illuminate\\Http\\Request))
#39 C:\\Users\\hp\\Documents\\GitHub\\T2-70-DSW-I\\Proyecto-Linces\\vendor\\laravel\\framework\\src\\Illuminate\\Foundation\\Http\\Kernel.php(175): Illuminate\\Pipeline\\Pipeline->then(Object(Closure))
#40 C:\\Users\\hp\\Documents\\GitHub\\T2-70-DSW-I\\Proyecto-Linces\\vendor\\laravel\\framework\\src\\Illuminate\\Foundation\\Http\\Kernel.php(144): Illuminate\\Foundation\\Http\\Kernel->sendRequestThroughRouter(Object(Illuminate\\Http\\Request))
#41 C:\\Users\\hp\\Documents\\GitHub\\T2-70-DSW-I\\Proyecto-Linces\\vendor\\laravel\\framework\\src\\Illuminate\\Foundation\\Application.php(1188): Illuminate\\Foundation\\Http\\Kernel->handle(Object(Illuminate\\Http\\Request))
#42 C:\\Users\\hp\\Documents\\GitHub\\T2-70-DSW-I\\Proyecto-Linces\\public\\index.php(17): Illuminate\\Foundation\\Application->handleRequest(Object(Illuminate\\Http\\Request))
#43 C:\\Users\\hp\\Documents\\GitHub\\T2-70-DSW-I\\Proyecto-Linces\\vendor\\laravel\\framework\\src\\Illuminate\\Foundation\\resources\\server.php(23): require_once('C:\\\\Users\\\\hp\\\\Doc...')
#44 {main}
"} 
[2024-07-23 02:52:33] local.ERROR: No application encryption key has been specified. {"exception":"[object] (Illuminate\\Encryption\\MissingAppKeyException(code: 0): No application encryption key has been specified. at C:\\Users\\hp\\Documents\\GitHub\\T2-70-DSW-I\\Proyecto-Linces\\vendor\\laravel\\framework\\src\\Illuminate\\Encryption\\EncryptionServiceProvider.php:83)
[stacktrace]
#0 C:\\Users\\hp\\Documents\\GitHub\\T2-70-DSW-I\\Proyecto-Linces\\vendor\\laravel\\framework\\src\\Illuminate\\Support\\helpers.php(380): Illuminate\\Encryption\\EncryptionServiceProvider->Illuminate\\Encryption\\{closure}('')
#1 C:\\Users\\hp\\Documents\\GitHub\\T2-70-DSW-I\\Proyecto-Linces\\vendor\\laravel\\framework\\src\\Illuminate\\Encryption\\EncryptionServiceProvider.php(81): tap('', Object(Closure))
#2 C:\\Users\\hp\\Documents\\GitHub\\T2-70-DSW-I\\Proyecto-Linces\\vendor\\laravel\\framework\\src\\Illuminate\\Encryption\\EncryptionServiceProvider.php(64): Illuminate\\Encryption\\EncryptionServiceProvider->key(Array)
#3 C:\\Users\\hp\\Documents\\GitHub\\T2-70-DSW-I\\Proyecto-Linces\\vendor\\laravel\\framework\\src\\Illuminate\\Encryption\\EncryptionServiceProvider.php(32): Illuminate\\Encryption\\EncryptionServiceProvider->parseKey(Array)
#4 C:\\Users\\hp\\Documents\\GitHub\\T2-70-DSW-I\\Proyecto-Linces\\vendor\\laravel\\framework\\src\\Illuminate\\Container\\Container.php(931): Illuminate\\Encryption\\EncryptionServiceProvider->Illuminate\\Encryption\\{closure}(Object(Illuminate\\Foundation\\Application), Array)
#5 C:\\Users\\hp\\Documents\\GitHub\\T2-70-DSW-I\\Proyecto-Linces\\vendor\\laravel\\framework\\src\\Illuminate\\Container\\Container.php(815): Illuminate\\Container\\Container->build(Object(Closure))
#6 C:\\Users\\hp\\Documents\\GitHub\\T2-70-DSW-I\\Proyecto-Linces\\vendor\\laravel\\framework\\src\\Illuminate\\Foundation\\Application.php(1046): Illuminate\\Container\\Container->resolve('encrypter', Array, true)
#7 C:\\Users\\hp\\Documents\\GitHub\\T2-70-DSW-I\\Proyecto-Linces\\vendor\\laravel\\framework\\src\\Illuminate\\Container\\Container.php(751): Illuminate\\Foundation\\Application->resolve('encrypter', Array)
#8 C:\\Users\\hp\\Documents\\GitHub\\T2-70-DSW-I\\Proyecto-Linces\\vendor\\laravel\\framework\\src\\Illuminate\\Foundation\\Application.php(1028): Illuminate\\Container\\Container->make('encrypter', Array)
#9 C:\\Users\\hp\\Documents\\GitHub\\T2-70-DSW-I\\Proyecto-Linces\\vendor\\laravel\\framework\\src\\Illuminate\\Container\\Container.php(1119): Illuminate\\Foundation\\Application->make('encrypter')
#10 C:\\Users\\hp\\Documents\\GitHub\\T2-70-DSW-I\\Proyecto-Linces\\vendor\\laravel\\framework\\src\\Illuminate\\Container\\Container.php(1022): Illuminate\\Container\\Container->resolveClass(Object(ReflectionParameter))
#11 C:\\Users\\hp\\Documents\\GitHub\\T2-70-DSW-I\\Proyecto-Linces\\vendor\\laravel\\framework\\src\\Illuminate\\Container\\Container.php(973): Illuminate\\Container\\Container->resolveDependencies(Array)
#12 C:\\Users\\hp\\Documents\\GitHub\\T2-70-DSW-I\\Proyecto-Linces\\vendor\\laravel\\framework\\src\\Illuminate\\Container\\Container.php(815): Illuminate\\Container\\Container->build('Illuminate\\\\Cook...')
#13 C:\\Users\\hp\\Documents\\GitHub\\T2-70-DSW-I\\Proyecto-Linces\\vendor\\laravel\\framework\\src\\Illuminate\\Foundation\\Application.php(1046): Illuminate\\Container\\Container->resolve('Illuminate\\\\Cook...', Array, true)
#14 C:\\Users\\hp\\Documents\\GitHub\\T2-70-DSW-I\\Proyecto-Linces\\vendor\\laravel\\framework\\src\\Illuminate\\Container\\Container.php(751): Illuminate\\Foundation\\Application->resolve('Illuminate\\\\Cook...', Array)
#15 C:\\Users\\hp\\Documents\\GitHub\\T2-70-DSW-I\\Proyecto-Linces\\vendor\\laravel\\framework\\src\\Illuminate\\Foundation\\Application.php(1028): Illuminate\\Container\\Container->make('Illuminate\\\\Cook...', Array)
#16 C:\\Users\\hp\\Documents\\GitHub\\T2-70-DSW-I\\Proyecto-Linces\\vendor\\laravel\\framework\\src\\Illuminate\\Foundation\\Http\\Kernel.php(255): Illuminate\\Foundation\\Application->make('Illuminate\\\\Cook...')
#17 C:\\Users\\hp\\Documents\\GitHub\\T2-70-DSW-I\\Proyecto-Linces\\vendor\\laravel\\framework\\src\\Illuminate\\Foundation\\Http\\Kernel.php(213): Illuminate\\Foundation\\Http\\Kernel->terminateMiddleware(Object(Illuminate\\Http\\Request), Object(Illuminate\\Http\\Response))
#18 C:\\Users\\hp\\Documents\\GitHub\\T2-70-DSW-I\\Proyecto-Linces\\vendor\\laravel\\framework\\src\\Illuminate\\Foundation\\Application.php(1190): Illuminate\\Foundation\\Http\\Kernel->terminate(Object(Illuminate\\Http\\Request), Object(Illuminate\\Http\\Response))
#19 C:\\Users\\hp\\Documents\\GitHub\\T2-70-DSW-I\\Proyecto-Linces\\public\\index.php(17): Illuminate\\Foundation\\Application->handleRequest(Object(Illuminate\\Http\\Request))
#20 C:\\Users\\hp\\Documents\\GitHub\\T2-70-DSW-I\\Proyecto-Linces\\vendor\\laravel\\framework\\src\\Illuminate\\Foundation\\resources\\server.php(23): require_once('C:\\\\Users\\\\hp\\\\Doc...')
#21 {main}
"} 
[2024-07-23 02:53:44] local.ERROR: No application encryption key has been specified. {"exception":"[object] (Illuminate\\Encryption\\MissingAppKeyException(code: 0): No application encryption key has been specified. at C:\\Users\\hp\\Documents\\GitHub\\T2-70-DSW-I\\Proyecto-Linces\\vendor\\laravel\\framework\\src\\Illuminate\\Encryption\\EncryptionServiceProvider.php:83)
[stacktrace]
#0 C:\\Users\\hp\\Documents\\GitHub\\T2-70-DSW-I\\Proyecto-Linces\\vendor\\laravel\\framework\\src\\Illuminate\\Support\\helpers.php(380): Illuminate\\Encryption\\EncryptionServiceProvider->Illuminate\\Encryption\\{closure}('')
#1 C:\\Users\\hp\\Documents\\GitHub\\T2-70-DSW-I\\Proyecto-Linces\\vendor\\laravel\\framework\\src\\Illuminate\\Encryption\\EncryptionServiceProvider.php(81): tap('', Object(Closure))
#2 C:\\Users\\hp\\Documents\\GitHub\\T2-70-DSW-I\\Proyecto-Linces\\vendor\\laravel\\framework\\src\\Illuminate\\Encryption\\EncryptionServiceProvider.php(64): Illuminate\\Encryption\\EncryptionServiceProvider->key(Array)
#3 C:\\Users\\hp\\Documents\\GitHub\\T2-70-DSW-I\\Proyecto-Linces\\vendor\\laravel\\framework\\src\\Illuminate\\Encryption\\EncryptionServiceProvider.php(32): Illuminate\\Encryption\\EncryptionServiceProvider->parseKey(Array)
#4 C:\\Users\\hp\\Documents\\GitHub\\T2-70-DSW-I\\Proyecto-Linces\\vendor\\laravel\\framework\\src\\Illuminate\\Container\\Container.php(931): Illuminate\\Encryption\\EncryptionServiceProvider->Illuminate\\Encryption\\{closure}(Object(Illuminate\\Foundation\\Application), Array)
#5 C:\\Users\\hp\\Documents\\GitHub\\T2-70-DSW-I\\Proyecto-Linces\\vendor\\laravel\\framework\\src\\Illuminate\\Container\\Container.php(815): Illuminate\\Container\\Container->build(Object(Closure))
#6 C:\\Users\\hp\\Documents\\GitHub\\T2-70-DSW-I\\Proyecto-Linces\\vendor\\laravel\\framework\\src\\Illuminate\\Foundation\\Application.php(1046): Illuminate\\Container\\Container->resolve('encrypter', Array, true)
#7 C:\\Users\\hp\\Documents\\GitHub\\T2-70-DSW-I\\Proyecto-Linces\\vendor\\laravel\\framework\\src\\Illuminate\\Container\\Container.php(751): Illuminate\\Foundation\\Application->resolve('encrypter', Array)
#8 C:\\Users\\hp\\Documents\\GitHub\\T2-70-DSW-I\\Proyecto-Linces\\vendor\\laravel\\framework\\src\\Illuminate\\Foundation\\Application.php(1028): Illuminate\\Container\\Container->make('encrypter', Array)
#9 C:\\Users\\hp\\Documents\\GitHub\\T2-70-DSW-I\\Proyecto-Linces\\vendor\\laravel\\framework\\src\\Illuminate\\Container\\Container.php(1119): Illuminate\\Foundation\\Application->make('encrypter')
#10 C:\\Users\\hp\\Documents\\GitHub\\T2-70-DSW-I\\Proyecto-Linces\\vendor\\laravel\\framework\\src\\Illuminate\\Container\\Container.php(1022): Illuminate\\Container\\Container->resolveClass(Object(ReflectionParameter))
#11 C:\\Users\\hp\\Documents\\GitHub\\T2-70-DSW-I\\Proyecto-Linces\\vendor\\laravel\\framework\\src\\Illuminate\\Container\\Container.php(973): Illuminate\\Container\\Container->resolveDependencies(Array)
#12 C:\\Users\\hp\\Documents\\GitHub\\T2-70-DSW-I\\Proyecto-Linces\\vendor\\laravel\\framework\\src\\Illuminate\\Container\\Container.php(815): Illuminate\\Container\\Container->build('Illuminate\\\\Cook...')
#13 C:\\Users\\hp\\Documents\\GitHub\\T2-70-DSW-I\\Proyecto-Linces\\vendor\\laravel\\framework\\src\\Illuminate\\Foundation\\Application.php(1046): Illuminate\\Container\\Container->resolve('Illuminate\\\\Cook...', Array, true)
#14 C:\\Users\\hp\\Documents\\GitHub\\T2-70-DSW-I\\Proyecto-Linces\\vendor\\laravel\\framework\\src\\Illuminate\\Container\\Container.php(751): Illuminate\\Foundation\\Application->resolve('Illuminate\\\\Cook...', Array)
#15 C:\\Users\\hp\\Documents\\GitHub\\T2-70-DSW-I\\Proyecto-Linces\\vendor\\laravel\\framework\\src\\Illuminate\\Foundation\\Application.php(1028): Illuminate\\Container\\Container->make('Illuminate\\\\Cook...', Array)
#16 C:\\Users\\hp\\Documents\\GitHub\\T2-70-DSW-I\\Proyecto-Linces\\vendor\\laravel\\framework\\src\\Illuminate\\Pipeline\\Pipeline.php(172): Illuminate\\Foundation\\Application->make('Illuminate\\\\Cook...')
#17 C:\\Users\\hp\\Documents\\GitHub\\T2-70-DSW-I\\Proyecto-Linces\\vendor\\laravel\\framework\\src\\Illuminate\\Pipeline\\Pipeline.php(119): Illuminate\\Pipeline\\Pipeline->Illuminate\\Pipeline\\{closure}(Object(Illuminate\\Http\\Request))
#18 C:\\Users\\hp\\Documents\\GitHub\\T2-70-DSW-I\\Proyecto-Linces\\vendor\\laravel\\framework\\src\\Illuminate\\Routing\\Router.php(807): Illuminate\\Pipeline\\Pipeline->then(Object(Closure))
#19 C:\\Users\\hp\\Documents\\GitHub\\T2-70-DSW-I\\Proyecto-Linces\\vendor\\laravel\\framework\\src\\Illuminate\\Routing\\Router.php(786): Illuminate\\Routing\\Router->runRouteWithinStack(Object(Illuminate\\Routing\\Route), Object(Illuminate\\Http\\Request))
#20 C:\\Users\\hp\\Documents\\GitHub\\T2-70-DSW-I\\Proyecto-Linces\\vendor\\laravel\\framework\\src\\Illuminate\\Routing\\Router.php(750): Illuminate\\Routing\\Router->runRoute(Object(Illuminate\\Http\\Request), Object(Illuminate\\Routing\\Route))
#21 C:\\Users\\hp\\Documents\\GitHub\\T2-70-DSW-I\\Proyecto-Linces\\vendor\\laravel\\framework\\src\\Illuminate\\Routing\\Router.php(739): Illuminate\\Routing\\Router->dispatchToRoute(Object(Illuminate\\Http\\Request))
#22 C:\\Users\\hp\\Documents\\GitHub\\T2-70-DSW-I\\Proyecto-Linces\\vendor\\laravel\\framework\\src\\Illuminate\\Foundation\\Http\\Kernel.php(200): Illuminate\\Routing\\Router->dispatch(Object(Illuminate\\Http\\Request))
#23 C:\\Users\\hp\\Documents\\GitHub\\T2-70-DSW-I\\Proyecto-Linces\\vendor\\laravel\\framework\\src\\Illuminate\\Pipeline\\Pipeline.php(144): Illuminate\\Foundation\\Http\\Kernel->Illuminate\\Foundation\\Http\\{closure}(Object(Illuminate\\Http\\Request))
#24 C:\\Users\\hp\\Documents\\GitHub\\T2-70-DSW-I\\Proyecto-Linces\\vendor\\laravel\\framework\\src\\Illuminate\\Foundation\\Http\\Middleware\\TransformsRequest.php(21): Illuminate\\Pipeline\\Pipeline->Illuminate\\Pipeline\\{closure}(Object(Illuminate\\Http\\Request))
#25 C:\\Users\\hp\\Documents\\GitHub\\T2-70-DSW-I\\Proyecto-Linces\\vendor\\laravel\\framework\\src\\Illuminate\\Foundation\\Http\\Middleware\\ConvertEmptyStringsToNull.php(31): Illuminate\\Foundation\\Http\\Middleware\\TransformsRequest->handle(Object(Illuminate\\Http\\Request), Object(Closure))
#26 C:\\Users\\hp\\Documents\\GitHub\\T2-70-DSW-I\\Proyecto-Linces\\vendor\\laravel\\framework\\src\\Illuminate\\Pipeline\\Pipeline.php(183): Illuminate\\Foundation\\Http\\Middleware\\ConvertEmptyStringsToNull->handle(Object(Illuminate\\Http\\Request), Object(Closure))
#27 C:\\Users\\hp\\Documents\\GitHub\\T2-70-DSW-I\\Proyecto-Linces\\vendor\\laravel\\framework\\src\\Illuminate\\Foundation\\Http\\Middleware\\TransformsRequest.php(21): Illuminate\\Pipeline\\Pipeline->Illuminate\\Pipeline\\{closure}(Object(Illuminate\\Http\\Request))
#28 C:\\Users\\hp\\Documents\\GitHub\\T2-70-DSW-I\\Proyecto-Linces\\vendor\\laravel\\framework\\src\\Illuminate\\Foundation\\Http\\Middleware\\TrimStrings.php(51): Illuminate\\Foundation\\Http\\Middleware\\TransformsRequest->handle(Object(Illuminate\\Http\\Request), Object(Closure))
#29 C:\\Users\\hp\\Documents\\GitHub\\T2-70-DSW-I\\Proyecto-Linces\\vendor\\laravel\\framework\\src\\Illuminate\\Pipeline\\Pipeline.php(183): Illuminate\\Foundation\\Http\\Middleware\\TrimStrings->handle(Object(Illuminate\\Http\\Request), Object(Closure))
#30 C:\\Users\\hp\\Documents\\GitHub\\T2-70-DSW-I\\Proyecto-Linces\\vendor\\laravel\\framework\\src\\Illuminate\\Http\\Middleware\\ValidatePostSize.php(27): Illuminate\\Pipeline\\Pipeline->Illuminate\\Pipeline\\{closure}(Object(Illuminate\\Http\\Request))
#31 C:\\Users\\hp\\Documents\\GitHub\\T2-70-DSW-I\\Proyecto-Linces\\vendor\\laravel\\framework\\src\\Illuminate\\Pipeline\\Pipeline.php(183): Illuminate\\Http\\Middleware\\ValidatePostSize->handle(Object(Illuminate\\Http\\Request), Object(Closure))
#32 C:\\Users\\hp\\Documents\\GitHub\\T2-70-DSW-I\\Proyecto-Linces\\vendor\\laravel\\framework\\src\\Illuminate\\Foundation\\Http\\Middleware\\PreventRequestsDuringMaintenance.php(110): Illuminate\\Pipeline\\Pipeline->Illuminate\\Pipeline\\{closure}(Object(Illuminate\\Http\\Request))
#33 C:\\Users\\hp\\Documents\\GitHub\\T2-70-DSW-I\\Proyecto-Linces\\vendor\\laravel\\framework\\src\\Illuminate\\Pipeline\\Pipeline.php(183): Illuminate\\Foundation\\Http\\Middleware\\PreventRequestsDuringMaintenance->handle(Object(Illuminate\\Http\\Request), Object(Closure))
#34 C:\\Users\\hp\\Documents\\GitHub\\T2-70-DSW-I\\Proyecto-Linces\\vendor\\laravel\\framework\\src\\Illuminate\\Http\\Middleware\\HandleCors.php(49): Illuminate\\Pipeline\\Pipeline->Illuminate\\Pipeline\\{closure}(Object(Illuminate\\Http\\Request))
#35 C:\\Users\\hp\\Documents\\GitHub\\T2-70-DSW-I\\Proyecto-Linces\\vendor\\laravel\\framework\\src\\Illuminate\\Pipeline\\Pipeline.php(183): Illuminate\\Http\\Middleware\\HandleCors->handle(Object(Illuminate\\Http\\Request), Object(Closure))
#36 C:\\Users\\hp\\Documents\\GitHub\\T2-70-DSW-I\\Proyecto-Linces\\vendor\\laravel\\framework\\src\\Illuminate\\Http\\Middleware\\TrustProxies.php(57): Illuminate\\Pipeline\\Pipeline->Illuminate\\Pipeline\\{closure}(Object(Illuminate\\Http\\Request))
#37 C:\\Users\\hp\\Documents\\GitHub\\T2-70-DSW-I\\Proyecto-Linces\\vendor\\laravel\\framework\\src\\Illuminate\\Pipeline\\Pipeline.php(183): Illuminate\\Http\\Middleware\\TrustProxies->handle(Object(Illuminate\\Http\\Request), Object(Closure))
#38 C:\\Users\\hp\\Documents\\GitHub\\T2-70-DSW-I\\Proyecto-Linces\\vendor\\laravel\\framework\\src\\Illuminate\\Pipeline\\Pipeline.php(119): Illuminate\\Pipeline\\Pipeline->Illuminate\\Pipeline\\{closure}(Object(Illuminate\\Http\\Request))
#39 C:\\Users\\hp\\Documents\\GitHub\\T2-70-DSW-I\\Proyecto-Linces\\vendor\\laravel\\framework\\src\\Illuminate\\Foundation\\Http\\Kernel.php(175): Illuminate\\Pipeline\\Pipeline->then(Object(Closure))
#40 C:\\Users\\hp\\Documents\\GitHub\\T2-70-DSW-I\\Proyecto-Linces\\vendor\\laravel\\framework\\src\\Illuminate\\Foundation\\Http\\Kernel.php(144): Illuminate\\Foundation\\Http\\Kernel->sendRequestThroughRouter(Object(Illuminate\\Http\\Request))
#41 C:\\Users\\hp\\Documents\\GitHub\\T2-70-DSW-I\\Proyecto-Linces\\vendor\\laravel\\framework\\src\\Illuminate\\Foundation\\Application.php(1188): Illuminate\\Foundation\\Http\\Kernel->handle(Object(Illuminate\\Http\\Request))
#42 C:\\Users\\hp\\Documents\\GitHub\\T2-70-DSW-I\\Proyecto-Linces\\public\\index.php(17): Illuminate\\Foundation\\Application->handleRequest(Object(Illuminate\\Http\\Request))
#43 C:\\Users\\hp\\Documents\\GitHub\\T2-70-DSW-I\\Proyecto-Linces\\vendor\\laravel\\framework\\src\\Illuminate\\Foundation\\resources\\server.php(23): require_once('C:\\\\Users\\\\hp\\\\Doc...')
#44 {main}
"} 
[2024-07-23 02:53:44] local.ERROR: No application encryption key has been specified. {"exception":"[object] (Illuminate\\Encryption\\MissingAppKeyException(code: 0): No application encryption key has been specified. at C:\\Users\\hp\\Documents\\GitHub\\T2-70-DSW-I\\Proyecto-Linces\\vendor\\laravel\\framework\\src\\Illuminate\\Encryption\\EncryptionServiceProvider.php:83)
[stacktrace]
#0 C:\\Users\\hp\\Documents\\GitHub\\T2-70-DSW-I\\Proyecto-Linces\\vendor\\laravel\\framework\\src\\Illuminate\\Support\\helpers.php(380): Illuminate\\Encryption\\EncryptionServiceProvider->Illuminate\\Encryption\\{closure}('')
#1 C:\\Users\\hp\\Documents\\GitHub\\T2-70-DSW-I\\Proyecto-Linces\\vendor\\laravel\\framework\\src\\Illuminate\\Encryption\\EncryptionServiceProvider.php(81): tap('', Object(Closure))
#2 C:\\Users\\hp\\Documents\\GitHub\\T2-70-DSW-I\\Proyecto-Linces\\vendor\\laravel\\framework\\src\\Illuminate\\Encryption\\EncryptionServiceProvider.php(64): Illuminate\\Encryption\\EncryptionServiceProvider->key(Array)
#3 C:\\Users\\hp\\Documents\\GitHub\\T2-70-DSW-I\\Proyecto-Linces\\vendor\\laravel\\framework\\src\\Illuminate\\Encryption\\EncryptionServiceProvider.php(32): Illuminate\\Encryption\\EncryptionServiceProvider->parseKey(Array)
#4 C:\\Users\\hp\\Documents\\GitHub\\T2-70-DSW-I\\Proyecto-Linces\\vendor\\laravel\\framework\\src\\Illuminate\\Container\\Container.php(931): Illuminate\\Encryption\\EncryptionServiceProvider->Illuminate\\Encryption\\{closure}(Object(Illuminate\\Foundation\\Application), Array)
#5 C:\\Users\\hp\\Documents\\GitHub\\T2-70-DSW-I\\Proyecto-Linces\\vendor\\laravel\\framework\\src\\Illuminate\\Container\\Container.php(815): Illuminate\\Container\\Container->build(Object(Closure))
#6 C:\\Users\\hp\\Documents\\GitHub\\T2-70-DSW-I\\Proyecto-Linces\\vendor\\laravel\\framework\\src\\Illuminate\\Foundation\\Application.php(1046): Illuminate\\Container\\Container->resolve('encrypter', Array, true)
#7 C:\\Users\\hp\\Documents\\GitHub\\T2-70-DSW-I\\Proyecto-Linces\\vendor\\laravel\\framework\\src\\Illuminate\\Container\\Container.php(751): Illuminate\\Foundation\\Application->resolve('encrypter', Array)
#8 C:\\Users\\hp\\Documents\\GitHub\\T2-70-DSW-I\\Proyecto-Linces\\vendor\\laravel\\framework\\src\\Illuminate\\Foundation\\Application.php(1028): Illuminate\\Container\\Container->make('encrypter', Array)
#9 C:\\Users\\hp\\Documents\\GitHub\\T2-70-DSW-I\\Proyecto-Linces\\vendor\\laravel\\framework\\src\\Illuminate\\Container\\Container.php(1119): Illuminate\\Foundation\\Application->make('encrypter')
#10 C:\\Users\\hp\\Documents\\GitHub\\T2-70-DSW-I\\Proyecto-Linces\\vendor\\laravel\\framework\\src\\Illuminate\\Container\\Container.php(1022): Illuminate\\Container\\Container->resolveClass(Object(ReflectionParameter))
#11 C:\\Users\\hp\\Documents\\GitHub\\T2-70-DSW-I\\Proyecto-Linces\\vendor\\laravel\\framework\\src\\Illuminate\\Container\\Container.php(973): Illuminate\\Container\\Container->resolveDependencies(Array)
#12 C:\\Users\\hp\\Documents\\GitHub\\T2-70-DSW-I\\Proyecto-Linces\\vendor\\laravel\\framework\\src\\Illuminate\\Container\\Container.php(815): Illuminate\\Container\\Container->build('Illuminate\\\\Cook...')
#13 C:\\Users\\hp\\Documents\\GitHub\\T2-70-DSW-I\\Proyecto-Linces\\vendor\\laravel\\framework\\src\\Illuminate\\Foundation\\Application.php(1046): Illuminate\\Container\\Container->resolve('Illuminate\\\\Cook...', Array, true)
#14 C:\\Users\\hp\\Documents\\GitHub\\T2-70-DSW-I\\Proyecto-Linces\\vendor\\laravel\\framework\\src\\Illuminate\\Container\\Container.php(751): Illuminate\\Foundation\\Application->resolve('Illuminate\\\\Cook...', Array)
#15 C:\\Users\\hp\\Documents\\GitHub\\T2-70-DSW-I\\Proyecto-Linces\\vendor\\laravel\\framework\\src\\Illuminate\\Foundation\\Application.php(1028): Illuminate\\Container\\Container->make('Illuminate\\\\Cook...', Array)
#16 C:\\Users\\hp\\Documents\\GitHub\\T2-70-DSW-I\\Proyecto-Linces\\vendor\\laravel\\framework\\src\\Illuminate\\Foundation\\Http\\Kernel.php(255): Illuminate\\Foundation\\Application->make('Illuminate\\\\Cook...')
#17 C:\\Users\\hp\\Documents\\GitHub\\T2-70-DSW-I\\Proyecto-Linces\\vendor\\laravel\\framework\\src\\Illuminate\\Foundation\\Http\\Kernel.php(213): Illuminate\\Foundation\\Http\\Kernel->terminateMiddleware(Object(Illuminate\\Http\\Request), Object(Illuminate\\Http\\Response))
#18 C:\\Users\\hp\\Documents\\GitHub\\T2-70-DSW-I\\Proyecto-Linces\\vendor\\laravel\\framework\\src\\Illuminate\\Foundation\\Application.php(1190): Illuminate\\Foundation\\Http\\Kernel->terminate(Object(Illuminate\\Http\\Request), Object(Illuminate\\Http\\Response))
#19 C:\\Users\\hp\\Documents\\GitHub\\T2-70-DSW-I\\Proyecto-Linces\\public\\index.php(17): Illuminate\\Foundation\\Application->handleRequest(Object(Illuminate\\Http\\Request))
#20 C:\\Users\\hp\\Documents\\GitHub\\T2-70-DSW-I\\Proyecto-Linces\\vendor\\laravel\\framework\\src\\Illuminate\\Foundation\\resources\\server.php(23): require_once('C:\\\\Users\\\\hp\\\\Doc...')
#21 {main}
"} 
